13:26:29 INFO    shadow | SHADOW horizon run — 15m ATR x1.5, 2R TP, trail 1.5R, hold<=8h | gate conf>=0.35 agree>=3 | live mode=paper_aggressive | db=/opt/hl-reaper/data/shadow.db | NO ORDERS
13:26:31 INFO    ws_feed | connecting websocket -> https://api.hyperliquid-testnet.xyz
13:26:31 INFO    ws_feed | subscribed: 7 coins x (book + trades + 3 candle feeds)
INFO:ws_feed:subscribed: 7 coins x (book + trades + 3 candle feeds)
13:26:31 INFO    shadow | priming buffer with recent candles via REST...
INFO:shadow:priming buffer with recent candles via REST...
13:26:32 INFO    pollers | ctx updated: {'BTC': 1.25e-05, 'ETH': 0.00031186, 'SOL': 1.25e-05, 'ARB': 1.25e-05, 'AVAX': 1.25e-05, 'DOGE': 4.58e-06, 'WIF': 1.25e-05}
INFO:pollers:ctx updated: {'BTC': 1.25e-05, 'ETH': 0.00031186, 'SOL': 1.25e-05, 'ARB': 1.25e-05, 'AVAX': 1.25e-05, 'DOGE': 4.58e-06, 'WIF': 1.25e-05}
13:26:32 INFO    pollers | funding history BTC: 24 rows (last rate 0.0000125)
INFO:pollers:funding history BTC: 24 rows (last rate 0.0000125)
13:26:32 INFO    pollers | equity: 999.297012 USDC (margin used 2.496)
INFO:pollers:equity: 999.297012 USDC (margin used 2.496)
13:26:32 INFO    pollers | funding history ETH: 24 rows (last rate 0.0003530328)
INFO:pollers:funding history ETH: 24 rows (last rate 0.0003530328)
13:26:32 INFO    pollers | funding history SOL: 24 rows (last rate 0.0000125)
INFO:pollers:funding history SOL: 24 rows (last rate 0.0000125)
13:26:32 INFO    pollers | funding history ARB: 24 rows (last rate 0.0000125)
INFO:pollers:funding history ARB: 24 rows (last rate 0.0000125)
13:26:33 INFO    pollers | funding history AVAX: 24 rows (last rate 0.0000125)
INFO:pollers:funding history AVAX: 24 rows (last rate 0.0000125)
13:26:33 INFO    pollers | funding history DOGE: 24 rows (last rate -0.0000202028)
INFO:pollers:funding history DOGE: 24 rows (last rate -0.0000202028)
13:26:33 INFO    pollers | funding history WIF: 24 rows (last rate 0.0000125)
INFO:pollers:funding history WIF: 24 rows (last rate 0.0000125)
13:26:34 INFO    shadow | primed BTC: {'1m': 398, '5m': 300, '1h': 301}
INFO:shadow:primed BTC: {'1m': 398, '5m': 300, '1h': 301}
13:26:36 INFO    shadow | primed ETH: {'1m': 400, '5m': 301, '1h': 301}
INFO:shadow:primed ETH: {'1m': 400, '5m': 301, '1h': 301}
13:26:37 INFO    shadow | primed SOL: {'1m': 402, '5m': 302, '1h': 302}
INFO:shadow:primed SOL: {'1m': 402, '5m': 302, '1h': 302}
13:26:38 INFO    shadow | primed ARB: {'1m': 379, '5m': 296, '1h': 301}
INFO:shadow:primed ARB: {'1m': 379, '5m': 296, '1h': 301}
13:26:39 INFO    shadow | primed AVAX: {'1m': 388, '5m': 298, '1h': 301}
INFO:shadow:primed AVAX: {'1m': 388, '5m': 298, '1h': 301}
13:26:40 INFO    shadow | primed DOGE: {'1m': 392, '5m': 299, '1h': 301}
INFO:shadow:primed DOGE: {'1m': 392, '5m': 299, '1h': 301}
13:26:42 INFO    shadow | primed WIF: {'1m': 362, '5m': 293, '1h': 300}
INFO:shadow:primed WIF: {'1m': 362, '5m': 293, '1h': 300}
13:26:42 INFO    shadow | warming up — letting feed/pollers fill book/ctx (15s)
INFO:shadow:warming up — letting feed/pollers fill book/ctx (15s)
13:26:57 WARNING model.ml | no trained model for BTC — run scripts/train_ml_model.py
WARNING:model.ml:no trained model for BTC — run scripts/train_ml_model.py
13:26:57 WARNING model.ml | no trained model for ETH — run scripts/train_ml_model.py
WARNING:model.ml:no trained model for ETH — run scripts/train_ml_model.py
13:26:57 WARNING model.ml | no trained model for SOL — run scripts/train_ml_model.py
WARNING:model.ml:no trained model for SOL — run scripts/train_ml_model.py
13:26:57 WARNING model.ml | no trained model for ARB — run scripts/train_ml_model.py
WARNING:model.ml:no trained model for ARB — run scripts/train_ml_model.py
13:26:57 WARNING model.ml | no trained model for AVAX — run scripts/train_ml_model.py
WARNING:model.ml:no trained model for AVAX — run scripts/train_ml_model.py
13:26:57 WARNING model.ml | no trained model for DOGE — run scripts/train_ml_model.py
WARNING:model.ml:no trained model for DOGE — run scripts/train_ml_model.py
13:26:57 WARNING model.ml | no trained model for WIF — run scripts/train_ml_model.py
WARNING:model.ml:no trained model for WIF — run scripts/train_ml_model.py
13:26:57 INFO    shadow | shadow status: 0 open, 0 closed | feed 0.2s old
INFO:shadow:shadow status: 0 open, 0 closed | feed 0.2s old
13:27:32 INFO    pollers | ctx updated: {'BTC': 1.25e-05, 'ETH': 0.00031115, 'SOL': 1.25e-05, 'ARB': 1.25e-05, 'AVAX': 1.25e-05, 'DOGE': 6.4e-06, 'WIF': 1.25e-05}
INFO:pollers:ctx updated: {'BTC': 1.25e-05, 'ETH': 0.00031115, 'SOL': 1.25e-05, 'ARB': 1.25e-05, 'AVAX': 1.25e-05, 'DOGE': 6.4e-06, 'WIF': 1.25e-05}
13:28:33 INFO    pollers | ctx updated: {'BTC': 1.25e-05, 'ETH': 0.00031052, 'SOL': 1.25e-05, 'ARB': 1.25e-05, 'AVAX': 1.25e-05, 'DOGE': 6.7e-06, 'WIF': 1.25e-05}
INFO:pollers:ctx updated: {'BTC': 1.25e-05, 'ETH': 0.00031052, 'SOL': 1.25e-05, 'ARB': 1.25e-05, 'AVAX': 1.25e-05, 'DOGE': 6.7e-06, 'WIF': 1.25e-05}
13:29:33 INFO    pollers | ctx updated: {'BTC': 1.25e-05, 'ETH': 0.0003099, 'SOL': 1.25e-05, 'ARB': 1.25e-05, 'AVAX': 1.25e-05, 'DOGE': 6.59e-06, 'WIF': 1.25e-05}
INFO:pollers:ctx updated: {'BTC': 1.25e-05, 'ETH': 0.0003099, 'SOL': 1.25e-05, 'ARB': 1.25e-05, 'AVAX': 1.25e-05, 'DOGE': 6.59e-06, 'WIF': 1.25e-05}
13:30:34 INFO    pollers | ctx updated: {'BTC': 1.25e-05, 'ETH': 0.00030935, 'SOL': 1.25e-05, 'ARB': 1.25e-05, 'AVAX': 1.25e-05, 'DOGE': 5.14e-06, 'WIF': 1.25e-05}
INFO:pollers:ctx updated: {'BTC': 1.25e-05, 'ETH': 0.00030935, 'SOL': 1.25e-05, 'ARB': 1.25e-05, 'AVAX': 1.25e-05, 'DOGE': 5.14e-06, 'WIF': 1.25e-05}
13:31:32 INFO    pollers | equity: 999.289212 USDC (margin used 2.49561)
INFO:pollers:equity: 999.289212 USDC (margin used 2.49561)
13:31:35 INFO    pollers | ctx updated: {'BTC': 1.25e-05, 'ETH': 0.00030906, 'SOL': 1.25e-05, 'ARB': 1.25e-05, 'AVAX': 1.25e-05, 'DOGE': 5.53e-06, 'WIF': 1.25e-05}
INFO:pollers:ctx updated: {'BTC': 1.25e-05, 'ETH': 0.00030906, 'SOL': 1.25e-05, 'ARB': 1.25e-05, 'AVAX': 1.25e-05, 'DOGE': 5.53e-06, 'WIF': 1.25e-05}
13:31:57 INFO    shadow | shadow status: 0 open, 0 closed | feed 0.3s old
INFO:shadow:shadow status: 0 open, 0 closed | feed 0.3s old
13:32:35 INFO    pollers | ctx updated: {'BTC': 1.25e-05, 'ETH': 0.00030898, 'SOL': 1.25e-05, 'ARB': 1.25e-05, 'AVAX': 1.25e-05, 'DOGE': 4.15e-06, 'WIF': 1.25e-05}
INFO:pollers:ctx updated: {'BTC': 1.25e-05, 'ETH': 0.00030898, 'SOL': 1.25e-05, 'ARB': 1.25e-05, 'AVAX': 1.25e-05, 'DOGE': 4.15e-06, 'WIF': 1.25e-05}
13:33:36 INFO    pollers | ctx updated: {'BTC': 1.25e-05, 'ETH': 0.00030979, 'SOL': 1.25e-05, 'ARB': 1.25e-05, 'AVAX': 1.25e-05, 'DOGE': 3.32e-06, 'WIF': 1.25e-05}
INFO:pollers:ctx updated: {'BTC': 1.25e-05, 'ETH': 0.00030979, 'SOL': 1.25e-05, 'ARB': 1.25e-05, 'AVAX': 1.25e-05, 'DOGE': 3.32e-06, 'WIF': 1.25e-05}
13:34:36 INFO    pollers | ctx updated: {'BTC': 1.25e-05, 'ETH': 0.00030977, 'SOL': 1.25e-05, 'ARB': 1.25e-05, 'AVAX': 1.25e-05, 'DOGE': 1.8e-06, 'WIF': 1.25e-05}
INFO:pollers:ctx updated: {'BTC': 1.25e-05, 'ETH': 0.00030977, 'SOL': 1.25e-05, 'ARB': 1.25e-05, 'AVAX': 1.25e-05, 'DOGE': 1.8e-06, 'WIF': 1.25e-05}
13:35:37 INFO    pollers | ctx updated: {'BTC': 1.25e-05, 'ETH': 0.00031057, 'SOL': 1.25e-05, 'ARB': 1.25e-05, 'AVAX': 1.25e-05, 'DOGE': 3.4e-07, 'WIF': 1.25e-05}
INFO:pollers:ctx updated: {'BTC': 1.25e-05, 'ETH': 0.00031057, 'SOL': 1.25e-05, 'ARB': 1.25e-05, 'AVAX': 1.25e-05, 'DOGE': 3.4e-07, 'WIF': 1.25e-05}
13:36:32 INFO    pollers | equity: 999.318852 USDC (margin used 2.497092)
INFO:pollers:equity: 999.318852 USDC (margin used 2.497092)
13:36:38 INFO    pollers | ctx updated: {'BTC': 1.25e-05, 'ETH': 0.00031169, 'SOL': 1.25e-05, 'ARB': 1.25e-05, 'AVAX': 1.25e-05, 'DOGE': -8.8e-07, 'WIF': 1.25e-05}
INFO:pollers:ctx updated: {'BTC': 1.25e-05, 'ETH': 0.00031169, 'SOL': 1.25e-05, 'ARB': 1.25e-05, 'AVAX': 1.25e-05, 'DOGE': -8.8e-07, 'WIF': 1.25e-05}
13:36:58 INFO    shadow | shadow status: 0 open, 0 closed | feed 4.1s old
INFO:shadow:shadow status: 0 open, 0 closed | feed 4.1s old
ERROR:websocket:fin=1 opcode=8 data=b'\x03\xe8Expired' - goodbye
13:37:39 INFO    pollers | ctx updated: {'BTC': 1.25e-05, 'ETH': 0.00031277, 'SOL': 1.25e-05, 'ARB': 1.25e-05, 'AVAX': 1.25e-05, 'DOGE': -1.18e-06, 'WIF': 1.25e-05}
INFO:pollers:ctx updated: {'BTC': 1.25e-05, 'ETH': 0.00031277, 'SOL': 1.25e-05, 'ARB': 1.25e-05, 'AVAX': 1.25e-05, 'DOGE': -1.18e-06, 'WIF': 1.25e-05}
13:37:42 WARNING ws_feed | feed stale 32s — reconnect #1 (backoff 2s)
WARNING:ws_feed:feed stale 32s — reconnect #1 (backoff 2s)
13:37:44 INFO    ws_feed | connecting websocket -> https://api.hyperliquid-testnet.xyz
INFO:ws_feed:connecting websocket -> https://api.hyperliquid-testnet.xyz
13:37:45 INFO    ws_feed | subscribed: 7 coins x (book + trades + 3 candle feeds)
INFO:ws_feed:subscribed: 7 coins x (book + trades + 3 candle feeds)
13:37:58 WARNING shadow | SHADOW OPEN LONG BTC @ 64002.500000 sl=63763.035714 tp=64481.428571 conf=0.42 votes=5 regime=RANGING
WARNING:shadow:SHADOW OPEN LONG BTC @ 64002.500000 sl=63763.035714 tp=64481.428571 conf=0.42 votes=5 regime=RANGING
13:38:39 INFO    pollers | ctx updated: {'BTC': 1.25e-05, 'ETH': 0.00031466, 'SOL': 1.25e-05, 'ARB': 1.25e-05, 'AVAX': 1.25e-05, 'DOGE': 4e-07, 'WIF': 1.25e-05}
INFO:pollers:ctx updated: {'BTC': 1.25e-05, 'ETH': 0.00031466, 'SOL': 1.25e-05, 'ARB': 1.25e-05, 'AVAX': 1.25e-05, 'DOGE': 4e-07, 'WIF': 1.25e-05}
13:39:40 INFO    pollers | ctx updated: {'BTC': 1.25e-05, 'ETH': 0.00031873, 'SOL': 1.25e-05, 'ARB': 1.25e-05, 'AVAX': 1.25e-05, 'DOGE': 1.35e-06, 'WIF': 1.25e-05}
INFO:pollers:ctx updated: {'BTC': 1.25e-05, 'ETH': 0.00031873, 'SOL': 1.25e-05, 'ARB': 1.25e-05, 'AVAX': 1.25e-05, 'DOGE': 1.35e-06, 'WIF': 1.25e-05}
13:40:40 INFO    pollers | ctx updated: {'BTC': 1.25e-05, 'ETH': 0.00032077, 'SOL': 1.25e-05, 'ARB': 1.25e-05, 'AVAX': 1.25e-05, 'DOGE': 1.21e-06, 'WIF': 1.25e-05}
INFO:pollers:ctx updated: {'BTC': 1.25e-05, 'ETH': 0.00032077, 'SOL': 1.25e-05, 'ARB': 1.25e-05, 'AVAX': 1.25e-05, 'DOGE': 1.21e-06, 'WIF': 1.25e-05}
13:41:33 INFO    pollers | equity: 999.244752 USDC (margin used 2.493387)
INFO:pollers:equity: 999.244752 USDC (margin used 2.493387)
13:41:41 INFO    pollers | ctx updated: {'BTC': 1.25e-05, 'ETH': 0.00032206, 'SOL': 1.25e-05, 'ARB': 1.25e-05, 'AVAX': 1.25e-05, 'DOGE': -4.3e-07, 'WIF': 1.25e-05}
INFO:pollers:ctx updated: {'BTC': 1.25e-05, 'ETH': 0.00032206, 'SOL': 1.25e-05, 'ARB': 1.25e-05, 'AVAX': 1.25e-05, 'DOGE': -4.3e-07, 'WIF': 1.25e-05}
13:41:58 INFO    shadow | shadow status: 1 open, 0 closed | feed 0.1s old
INFO:shadow:shadow status: 1 open, 0 closed | feed 0.1s old
13:42:42 INFO    pollers | ctx updated: {'BTC': 1.25e-05, 'ETH': 0.00032116, 'SOL': 1.25e-05, 'ARB': 1.25e-05, 'AVAX': 1.25e-05, 'DOGE': -2.09e-06, 'WIF': 1.25e-05}
INFO:pollers:ctx updated: {'BTC': 1.25e-05, 'ETH': 0.00032116, 'SOL': 1.25e-05, 'ARB': 1.25e-05, 'AVAX': 1.25e-05, 'DOGE': -2.09e-06, 'WIF': 1.25e-05}
13:42:58 INFO    shadow | shadow run stopping — 1 positions left open
INFO:shadow:shadow run stopping — 1 positions left open
